make.exe all --print-data-base --no-builtin-variables --no-builtin-rules --question
make: *** No rule to make target 'all'.  Stop.
 
# GNU Make 4.2.1
# Built for x86_64-unknown-cygwin
# Copyright (C) 1988-2016 Free Software Foundation, Inc.
# License GPLv3+: GNU GPL version 3 or later <http://gnu.org/licenses/gpl.html>
# This is free software: you are free to change and redistribute it.
# There is NO WARRANTY, to the extent permitted by law.
 

# Make data base, printed on Tue Sep  7 18:39:00 2021

# Variables

# 'override' directive
GNUMAKEFLAGS := 
# automatic
<D = $(patsubst %/,%,$(dir $<))
# automatic
?F = $(notdir $?)
 
# default
.SHELLFLAGS := -c
# makefile (from 'Makefile', line 10)
SRC = main.c src/add.c src/modify.c src/view.c src/search.c src/delete.c src/gotoxy.c
# makefile
MAKEFLAGS = pqrR
# environment
VSCODE_LOG_NATIVE = false
# automatic
?D = $(patsubst %/,%,$(dir $?))
# automatic
@D = $(patsubst %/,%,$(dir $@))
# environment
HOMEDRIVE = C:
# automatic
@F = $(notdir $@)
# automatic
^D = $(patsubst %/,%,$(dir $^))
# makefile
CURDIR := /cygdrive/c/Users/DELL/Desktop/StepIn-Student_Record_Management_System/3_Implementation
# default
SHELL := /bin/sh
# makefile (from 'Makefile', line 21)
RM = del /q
# environment
WINDIR = C:\WINDOWS
# environment
VSCODE_NLS_CONFIG = {"locale":"en-us","availableLanguages":{},"_languagePackSupport":true}
# environment
VBOX_MSI_INSTALL_PATH = C:\Program Files\Oracle\VirtualBox\
# environment
PYCHARM COMMUNITY EDITION = C:\Program Files\JetBrains\PyCharm Community Edition 2021.2\bin;
# environment
JAVA-HOME = C:\Program Files\Java\jdk1\bin
# environment
PUBLIC = C:\Users\Public
# environment
PATHEXT = .COM;.EXE;.BAT;.CMD;.VBS;.VBE;.JS;.JSE;.WSF;.WSH;.MSC
# makefile (from 'Makefile', line 1)
MAKEFILE_LIST :=  Makefile
# makefile (from 'Makefile', line 22)
FixPath = $(subst /,\,$1)
# environment
TMP = /cygdrive/c/Users/DELL/AppData/Local/Temp
# environment
VSCODE_VERBOSE_LOGGING = true
# environment
PROGRAMW6432 = C:\Program Files
# environment
PROGRAMDATA = C:\ProgramData
# environment
VSCODE_IPC_HOOK_EXTHOST = \\.\pipe\vscode-ipc-e24028c0-86d7-4951-b92d-d64768507f95-sock
# environment
VSCODE_CWD = C:\Users\DELL\Desktop\StepIn-Student_Record_Management_System
# default
MAKE_HOST := x86_64-unknown-cygwin
# environment
PATH = /cygdrive/c/Program Files (x86)/Common Files/Intel/Shared Libraries/redist/intel64/compiler:/cygdrive/c/Program Files/Haskell/bin:/cygdrive/c/Program Files/Haskell Platform/8.4.3/lib/extralibs/bin:/cygdrive/c/Program Files/Haskell Platform/8.4.3/bin:/cygdrive/c/Program Files (x86)/Common Files/Oracle/Java/javapath:/cygdrive/c/Program Files (x86)/Intel/iCLS Client:/cygdrive/c/Program Files/Intel/iCLS Client:/cygdrive/c/WINDOWS/system32:/cygdrive/c/WINDOWS:/cygdrive/c/WINDOWS/System32/Wbem:/cygdrive/c/WINDOWS/System32/WindowsPowerShell/v1.0:/cygdrive/c/Program Files/MATLAB/R2012b/runtime/win64:/cygdrive/c/Program Files/MATLAB/R2012b/bin:/usr/bin:/cygdrive/c/Program Files/MATLAB/R2014a/runtime/win64:/cygdrive/c/Program Files/MATLAB/R2014a/bin:/cygdrive/c/Program Files/MATLAB/R2014a/polyspace/bin:/cygdrive/c/Program Files (x86)/Intel/Intel(R) Management Engine Components/DAL:/cygdrive/c/Program Files/Intel/Intel(R) Management Engine Components/DAL:/cygdrive/c/Program Files (x86)/Intel/Intel(R) Management Engine Components/IPT:/cygdrive/c/Program Files/Intel/Intel(R) Management Engine Components/IPT:/cygdrive/c/Program Files/Haskell Platform/8.4.3/mingw/bin:/cygdrive/c/WINDOWS/System32/OpenSSH:/cygdrive/c/Program Files/PuTTY:/cygdrive/c/Program Files/Intel/WiFi/bin:/cygdrive/c/Program Files/Common Files/Intel/WirelessCommon:/cygdrive/c/Program Files/Git/cmd:/cygdrive/c/Users/DELL/AppData/Local/Programs/Python/Python39/Scripts:/cygdrive/c/Users/DELL/AppData/Local/Programs/Python/Python39:/cygdrive/c/Users/DELL/AppData/Roaming/cabal/bin:/cygdrive/c/Users/DELL/AppData/Roaming/local/bin:/cygdrive/c/Users/DELL/AppData/Local/Microsoft/WindowsApps:/usr/bin:/cygdrive/c/Users/DELL/AppData/Local/atom/bin:/cygdrive/c/Users/DELL/AppData/Local/Microsoft/WindowsApps:/cygdrive/c/Flex Windows/gcc/bin:/cygdrive/c/Flex Windows/Lex/bin:/cygdrive/c/Flex Windows/bison/bin:/cygdrive/c/Users/DELL/AppData/Local/Programs/Microsoft VS Code/bin:/cygdrive/c/Program Files/JetBrains/PyCharm Community Edition 2021.2/bin
# environment
COMMONPROGRAMW6432 = C:\Program Files\Common Files
# environment
PROCESSOR_ARCHITECTURE = AMD64
# environment
ONEDRIVE = C:\Users\DELL\OneDrive
# environment
USERPROFILE = C:\Users\DELL
# environment
!C: = c:\Users\DELL\Desktop\StepIn-Student_Record_Management_System\3_Implementation
# environment
ALLUSERSPROFILE = C:\ProgramData
# environment
VSCODE_LOG_STACK = false
# environment
NUMBER_OF_PROCESSORS = 4
# environment
ELECTRON_RUN_AS_NODE = 1
# default
.FEATURES := target-specific order-only second-expansion else-if shortest-stem undefine oneshell archives jobserver output-sync check-symlink guile load
# automatic
%F = $(notdir $%)
# environment
CHROME_CRASHPAD_PIPE_NAME = \\.\pipe\crashpad_2228_ZAARLXUKUJUKJBKI
# environment
VSCODE_PIPE_LOGGING = true
# environment
COMPUTERNAME = DESKTOP-27VDRNE
# environment
PROGRAMFILES = C:\Program Files
# default
.LOADED := 
# environment
DRIVERDATA = C:\Windows\System32\Drivers\DriverData
# environment
ORIGINAL_XDG_CURRENT_DESKTOP = undefined
# environment
USERNAME = DELL
# environment
KMP_DUPLICATE_LIB_OK = TRUE
# environment
VSCODE_AMD_ENTRYPOINT = vs/workbench/services/extensions/node/extensionHostProcess
# environment
HOME = /home/DELL
# environment
VSCODE_CODE_CACHE_PATH = C:\Users\DELL\AppData\Roaming\Code\CachedData\e7d7e9a9348e6a8cc8c03f877d39cb72e5dfb1ff
# environment
APPLICATION_INSIGHTS_NO_DIAGNOSTIC_CHANNEL = true
# environment
COMMONPROGRAMFILES = C:\Program Files\Common Files
# environment
LOGONSERVER = \\DESKTOP-27VDRNE
# environment
ONEDRIVECONSUMER = C:\Users\DELL\OneDrive
# environment
VSCODE_HANDLES_UNCAUGHT_ERRORS = true
# environment
USERDOMAIN = DESKTOP-27VDRNE
# environment
MIC_LD_LIBRARY_PATH = C:\Program Files (x86)\Common Files\Intel\Shared Libraries\compiler\lib\mic
# environment
MAKELEVEL := 0
# default
MAKE = $(MAKE_COMMAND)
# default
MAKECMDGOALS := all
# environment
JAVA_HOME = C:\Program Files\Java\jdk-11.0.3
# makefile (from 'Makefile', line 23)
EXEC = exe
# default
MAKE_VERSION := 4.2.1
# makefile
.DEFAULT_GOAL := a.exe
# environment
PROGRAMFILES(X86) = C:\Program Files (x86)
# automatic
%D = $(patsubst %/,%,$(dir $%))
# environment
STACK_ROOT = C:\sr
# environment
LOCALAPPDATA = C:\Users\DELL\AppData\Local
# environment
PSMODULEPATH = C:\Program Files\WindowsPowerShell\Modules;C:\WINDOWS\system32\WindowsPowerShell\v1.0\Modules
# default
MAKE_COMMAND := make
# makefile (from 'Makefile', line 18)
INC = inc
# default
.VARIABLES := 
# automatic
*F = $(notdir $*)
# environment
PROCESSOR_IDENTIFIER = Intel64 Family 6 Model 142 Stepping 9, GenuineIntel
# environment
OS = Windows_NT
# environment
VSCODE_IPC_HOOK = \\.\pipe\94d617bfb1ac0c411605adcb3cbd2f14-1.60.0-main-sock
# environment
HOMEPATH = \Users\DELL
# environment
COMMONPROGRAMFILES(X86) = C:\Program Files (x86)\Common Files
# environment
PROMPT = $P$G
# environment
MFLAGS = -pqrR
# automatic
*D = $(patsubst %/,%,$(dir $*))
# environment
INTEL_DEV_REDIST = C:\Program Files (x86)\Common Files\Intel\Shared Libraries\
# environment
SYSTEMROOT = C:\WINDOWS
# automatic
+D = $(patsubst %/,%,$(dir $+))
# automatic
+F = $(notdir $+)
# environment
APPDATA = C:\Users\DELL\AppData\Roaming
# environment
TEMP = /cygdrive/c/Users/DELL/AppData/Local/Temp
# environment
COMSPEC = C:\WINDOWS\system32\cmd.exe
# default
MAKEFILES := 
# automatic
<F = $(notdir $<)
# environment
MKL_SERIAL = YES
# makefile (from 'Makefile', line 8)
PROJECT_NAME = a.exe
 
# environment
LC_ALL = C
# automatic
^F = $(notdir $^)
# default
SUFFIXES := 
# environment
SYSTEMDRIVE = C:
# environment
SESSIONNAME = Console
# environment
PROCESSOR_REVISION = 8e09
# default
.INCLUDE_DIRS = /usr/include /usr/include
# default
.RECIPEPREFIX := 
# environment
LANG = C
# environment
PROCESSOR_LEVEL = 6
# environment
TERM = cygwin
# environment
VSCODE_PID = 2228
# environment
USERDOMAIN_ROAMINGPROFILE = DESKTOP-27VDRNE
# variable set hash-table stats:
# Load=110/1024=11%, Rehash=0, Collisions=17/136=12%

# Pattern-specific Variable Values

# No pattern-specific variable values.

# Directories

# . (device 3772754619, inode 7318349395051886): 12 files, no impossibilities.

# 12 files, no impossibilities in 1 directories.

# Implicit Rules

# No implicit rules.

# Files

# Not a target:
src/modify.c:
#  Implicit rule search has not been done.
#  Modification time never checked.
#  File has not been updated.

# Not a target:
all:
#  Command line target.
#  Implicit rule search has been done.
#  File does not exist.
#  File has not been updated.

# Not a target:
src/gotoxy.c:
#  Implicit rule search has not been done.
#  Modification time never checked.
#  File has not been updated.

# Not a target:
main.c:
#  Implicit rule search has not been done.
#  Modification time never checked.
#  File has not been updated.

# Not a target:
src/delete.c:
#  Implicit rule search has not been done.
#  Modification time never checked.
#  File has not been updated.

# Not a target:
Makefile:
#  Implicit rule search has been done.
#  Last modified 2021-04-24 02:31:40
#  File has been updated.
#  Successfully updated.

a.exe: main.c src/add.c src/modify.c src/view.c src/search.c src/delete.c src/gotoxy.c
#  Implicit rule search has not been done.
#  Modification time never checked.
#  File has not been updated.
#  recipe to execute (from 'Makefile', line 33):
	gcc -I $(INC) $(SRC) -o a.exe
	

# Not a target:
.DEFAULT:
#  Implicit rule search has not been done.
#  Modification time never checked.
#  File has not been updated.

# Not a target:
src/view.c:
#  Implicit rule search has not been done.
#  Modification time never checked.
#  File has not been updated.

run: a.exe
#  Implicit rule search has not been done.
#  Modification time never checked.
#  File has not been updated.
#  recipe to execute (from 'Makefile', line 36):
	$(PROJECT_NAME)
	

clean:
#  Implicit rule search has not been done.
#  Modification time never checked.
#  File has not been updated.
#  recipe to execute (from 'Makefile', line 39):
	del /q *.exe

# Not a target:
src/add.c:
#  Implicit rule search has not been done.
#  Modification time never checked.
#  File has not been updated.

# Not a target:
src/search.c:
#  Implicit rule search has not been done.
#  Modification time never checked.
#  File has not been updated.

# files hash-table stats:
# Load=14/1024=1%, Rehash=0, Collisions=0/32=0%
# VPATH Search Paths

# No 'vpath' search paths.

# No general ('VPATH' variable) search path.

# strcache buffers: 1 (0) / strings = 24 / storage = 196 B / avg = 8 B
# current buf: size = 8162 B / used = 196 B / count = 24 / avg = 8 B

# strcache performance: lookups = 34 / hit rate = 29%
# hash-table stats:
# Load=24/8192=0%, Rehash=0, Collisions=1/34=3%
# Finished Make data base on Tue Sep  7 18:39:01 2021

 
